[0m[[0m[0mdebug[0m] [0m[0m> Exec(test, None, None)[0m
[0m[[0m[0mdebug[0m] [0m[0mEvaluating tasks: Test / test[0m
[0m[[0m[0mdebug[0m] [0m[0mRunning task... Cancel: Signal, check cycles: false, forcegc: true[0m
[0m[[0m[0minfo[0m] [0m[0m[32mCanvasTests:[0m[0m
[0m[[0m[0minfo[0m] [0m[0m[32m- Test Bounding Box with Polygon [0m[0m
[0m[[0m[0minfo[0m] [0m[0m[32m- Test Bounding Box with Circle [0m[0m
[0m[[0m[0minfo[0m] [0m[0m[32m- Test Bounding Box with two circles and one polygon[0m[0m
[0m[[0m[0minfo[0m] [0m[0m[32m- Test Overlap of two figures[0m[0m
[0m[[0m[0minfo[0m] [0m[0m[32m- Test Place Right[0m[0m
[0m[[0m[0minfo[0m] [0m[0m[32m- Test Place Top[0m[0m
[0m[[0m[0minfo[0m] [0m[0m[32m- Test Rotate 0[0m[0m
[0m[[0m[0minfo[0m] [0m[0m[32m- Test Rotate 1[0m[0m
[0m[[0m[0minfo[0m] [0m[0m[32m- Test Rotate 2[0m[0m
[0m[[0m[0minfo[0m] [0m[0m[32m- Test Rotate 3[0m[0m
[0m[[0m[0minfo[0m] [0m[0m[32m- Test Translate[0m[0m
[0m[[0m[0minfo[0m] [0m[0m[32mInterpreterTests:[0m[0m
[0m[[0m[0minfo[0m] [0m[0m[32m- RectangleTest[0m[0m
[0m[[0m[0minfo[0m] [0m[0m[32m- TriangleTest[0m[0m
[0m[[0m[0minfo[0m] [0m[0m[32m- LineTest[0m[0m
[0m[[0m[0minfo[0m] [0m[0m[32m- CircleTest[0m[0m
[0m[[0m[0minfo[0m] [0m[0m[32m- OverlayOperatorTest[0m[0m
[0m[[0m[0minfo[0m] [0m[0m[32m- PlaceRightTest[0m[0m
[0m[[0m[0minfo[0m] [0m[0m[32m- PlaceTopTest[0m[0m
[0m[[0m[0minfo[0m] [0m[0m[32m- RotationTest[0m[0m
[0m[[0m[0minfo[0m] [0m[0m[32m- Program 1[0m[0m
[0m[[0m[0minfo[0m] [0m[0m[32m- Program 2[0m[0m
[0m[[0m[0minfo[0m] [0m[0m[32m- Program 3[0m[0m
[0m[[0m[0minfo[0m] [0m[0m[32m- Serpinski[0m[0m
[0m[[0m[0minfo[0m] [0m[0m[32m- Mandala[0m[0m
[0m[[0m[0minfo[0m] [0m[0m[32m- Petals[0m[0m
[0m[[0m[0minfo[0m] [0m[0m[36mRun completed in 1 second, 345 milliseconds.[0m[0m
[0m[[0m[0minfo[0m] [0m[0m[36mTotal number of tests run: 25[0m[0m
[0m[[0m[0minfo[0m] [0m[0m[36mSuites: completed 2, aborted 0[0m[0m
[0m[[0m[0minfo[0m] [0m[0m[36mTests: succeeded 25, failed 0, canceled 0, ignored 0, pending 0[0m[0m
[0m[[0m[0minfo[0m] [0m[0m[32mAll tests passed.[0m[0m
[0m[[0m[32msuccess[0m] [0m[0mTotal time: 2 s, completed Nov 1, 2021, 6:57:08 PM[0m
[0m[[0m[0mdebug[0m] [0m[0m> Exec(idea-shell, None, None)[0m
