[0m[[0m[0mdebug[0m] [0m[0m> Exec(test, None, None)[0m
[0m[[0m[0mdebug[0m] [0m[0mEvaluating tasks: Test / test[0m
[0m[[0m[0mdebug[0m] [0m[0mRunning task... Cancel: Signal, check cycles: false, forcegc: true[0m
[0m[[0m[0minfo[0m] [0m[0mcompiling 8 Scala sources to /Users/oliviagolden/Downloads/CSCI3155/project2 2/target/scala-2.12/classes ...[0m
[0m[[0m[0minfo[0m] [0m[0mNon-compiled module 'compiler-bridge_2.12' for Scala 2.12.10. Compiling...[0m
[0m[[0m[0minfo[0m] [0m[0m  Compilation completed in 20.776s.[0m
[0m[[0m[33mwarn[0m] [0m[0m/Users/oliviagolden/Downloads/CSCI3155/project2 2/src/main/scala/edu/colorado/csci3155s2021/project2/Interpreter.scala:61:54: match may not be exhaustive.[0m
[0m[[0m[33mwarn[0m] [0m[0mIt would fail on the following input: ConstBool(_)[0m
[0m[[0m[33mwarn[0m] [0m[0m    def evalExpr(e: Expr, env: Environment): Value = e match {[0m
[0m[[0m[33mwarn[0m] [0m[0m                                                     ^[0m
[0m[[0m[33mwarn[0m] [0m[0m/Users/oliviagolden/Downloads/CSCI3155/project2 2/src/main/scala/edu/colorado/csci3155s2021/project2/LettuceParser.scala:46:60: match may not be exhaustive.[0m
[0m[[0m[33mwarn[0m] [0m[0mIt would fail on the following input: ~(_, Some(_))[0m
[0m[[0m[33mwarn[0m] [0m[0m        val opt5 = exprLev2~ opt(("&&"|"||") ~ exprLev1)^^ {[0m
[0m[[0m[33mwarn[0m] [0m[0m                                                           ^[0m
[0m[[0m[33mwarn[0m] [0m[0m/Users/oliviagolden/Downloads/CSCI3155/project2 2/src/main/scala/edu/colorado/csci3155s2021/project2/LettuceParser.scala:64:50: match may not be exhaustive.[0m
[0m[[0m[33mwarn[0m] [0m[0mIt would fail on the following input: ~(_, Some(_))[0m
[0m[[0m[33mwarn[0m] [0m[0m        exprLev3 ~ opt(compOperator~ exprLev2) ^^{[0m
[0m[[0m[33mwarn[0m] [0m[0m                                                 ^[0m
[0m[[0m[33mwarn[0m] [0m[0m/Users/oliviagolden/Downloads/CSCI3155/project2 2/src/main/scala/edu/colorado/csci3155s2021/project2/LettuceParser.scala:76:52: match may not be exhaustive.[0m
[0m[[0m[33mwarn[0m] [0m[0mIt would fail on the following input: ~(_, Some(_))[0m
[0m[[0m[33mwarn[0m] [0m[0m        exprLev4 ~ opt( ("+"| "-") ~ exprLev3 ) ^^ {[0m
[0m[[0m[33mwarn[0m] [0m[0m                                                   ^[0m
[0m[[0m[33mwarn[0m] [0m[0m/Users/oliviagolden/Downloads/CSCI3155/project2 2/src/main/scala/edu/colorado/csci3155s2021/project2/LettuceParser.scala:85:49: match may not be exhaustive.[0m
[0m[[0m[33mwarn[0m] [0m[0mIt would fail on the following input: ~(_, Some(_))[0m
[0m[[0m[33mwarn[0m] [0m[0m        exprLev5 ~ opt(("*"|"/") ~ exprLev4) ^^ {[0m
[0m[[0m[33mwarn[0m] [0m[0m                                                ^[0m
[0m[[0m[33mwarn[0m] [0m[0m/Users/oliviagolden/Downloads/CSCI3155/project2 2/src/main/scala/edu/colorado/csci3155s2021/project2/LettuceParser.scala:98:98: match may not be exhaustive.[0m
[0m[[0m[33mwarn[0m] [0m[0mIt would fail on the following input: ~((x: String forSome x not in ("!", "circle", "line", "rectangle", "triangle")), _)[0m
[0m[[0m[33mwarn[0m] [0m[0m          ( ( "rectangle" | "triangle" | "circle" | "line" | "!"  ) ~ ("(" ~> exprLev1 <~ ")") ^^{[0m
[0m[[0m[33mwarn[0m] [0m[0m                                                                                                 ^[0m
[0m[[0m[33mwarn[0m] [0m[0m6 warnings found[0m
[0m[[0m[0minfo[0m] [0m[0mdone compiling[0m
[0m[[0m[0minfo[0m] [0m[0mcompiling 2 Scala sources to /Users/oliviagolden/Downloads/CSCI3155/project2 2/target/scala-2.12/test-classes ...[0m
[0m[[0m[0minfo[0m] [0m[0mdone compiling[0m
[0m[[0m[0minfo[0m] [0m[0m[32mCanvasTests:[0m[0m
[0m[[0m[0minfo[0m] [0m[0m[32m- Test Bounding Box with Polygon [0m[0m
[0m[[0m[0minfo[0m] [0m[0m[32m- Test Bounding Box with Circle [0m[0m
[0m[[0m[0minfo[0m] [0m[0m[32m- Test Bounding Box with two circles and one polygon[0m[0m
[0m[[0m[0minfo[0m] [0m[0m[32m- Test Overlap of two figures[0m[0m
[0m[[0m[0minfo[0m] [0m[0m[32m- Test Place Right[0m[0m
[0m[[0m[0minfo[0m] [0m[0m[32m- Test Place Top[0m[0m
[0m[[0m[0minfo[0m] [0m[0m[32m- Test Rotate 0[0m[0m
[0m[[0m[0minfo[0m] [0m[0m[32m- Test Rotate 1[0m[0m
[0m[[0m[0minfo[0m] [0m[0m[32m- Test Rotate 2[0m[0m
[0m[[0m[0minfo[0m] [0m[0m[32m- Test Rotate 3[0m[0m
[0m[[0m[0minfo[0m] [0m[0m[32m- Test Translate[0m[0m
[0m[[0m[0minfo[0m] [0m[0m[32mInterpreterTests:[0m[0m
[0m[[0m[0minfo[0m] [0m[0m[32m- RectangleTest[0m[0m
[0m[[0m[0minfo[0m] [0m[0m[32m- TriangleTest[0m[0m
[0m[[0m[0minfo[0m] [0m[0m[32m- LineTest[0m[0m
[0m[[0m[0minfo[0m] [0m[0m[32m- CircleTest[0m[0m
[0m[[0m[0minfo[0m] [0m[0m[32m- OverlayOperatorTest[0m[0m
[0m[[0m[0minfo[0m] [0m[0m[32m- PlaceRightTest[0m[0m
[0m[[0m[0minfo[0m] [0m[0m[32m- PlaceTopTest[0m[0m
[0m[[0m[0minfo[0m] [0m[0m[32m- RotationTest[0m[0m
[0m[[0m[0minfo[0m] [0m[0m[32m- Program 1[0m[0m
[0m[[0m[0minfo[0m] [0m[0m[32m- Program 2[0m[0m
[0m[[0m[0minfo[0m] [0m[0m[32m- Program 3[0m[0m
[0m[[0m[0minfo[0m] [0m[0m[32m- Serpinski[0m[0m
[0m[[0m[0minfo[0m] [0m[0m[32m- Mandala[0m[0m
[0m[[0m[0minfo[0m] [0m[0m[32m- Petals[0m[0m
[0m[[0m[0minfo[0m] [0m[0m[36mRun completed in 824 milliseconds.[0m[0m
[0m[[0m[0minfo[0m] [0m[0m[36mTotal number of tests run: 25[0m[0m
[0m[[0m[0minfo[0m] [0m[0m[36mSuites: completed 2, aborted 0[0m[0m
[0m[[0m[0minfo[0m] [0m[0m[36mTests: succeeded 25, failed 0, canceled 0, ignored 0, pending 0[0m[0m
[0m[[0m[0minfo[0m] [0m[0m[32mAll tests passed.[0m[0m
[0m[[0m[32msuccess[0m] [0m[0mTotal time: 39 s, completed Oct 30, 2021, 2:20:33 PM[0m
[0m[[0m[0mdebug[0m] [0m[0m> Exec(idea-shell, None, None)[0m
